<?xml version="1.0" encoding="UTF-8"?>
<!-- Generated by org.testng.reporters.JUnitReportReporter -->
<testsuite skipped="0" hostname="WKWIN4774218" name="com.inetbanking.TestCases.TC_LoginTest_001" tests="1" failures="0" timestamp="2020-08-12T11:15:51 IST" time="5.992" errors="0">
  <testcase name="LoginTest" time="5.992" classname="com.inetbanking.TestCases.TC_LoginTest_001"/>
  <system-out/>
</testsuite> <!-- com.inetbanking.TestCases.TC_LoginTest_001 -->
